Using pre-set license
Built from '2020.3/release' branch; Version is '2020.3.1f1 (77a89f25062f) revision 7841951'; Using compiler version '192528614'; Build Type 'Release'
OS: 'Windows 10 Pro; OS build 19041.1052; Version 2004; 64bit' Language: 'en' Physical Memory: 16332 MB
BatchMode: 1, IsHumanControllingUs: 0, StartBugReporterOnCrash: 0, Is64bit: 1, IsPro: 0

 COMMAND LINE ARGUMENTS:
E:\Unity\2020.3.1f1\Editor\Unity.exe
-adb2
-batchMode
-noUpm
-name
AssetImportWorker0
-projectPath
E:/Mesh-Generation-Adventure/Mesh Generation
-logFile
Logs/AssetImportWorker0.log
-srvPort
49935
Successfully changed project path to: E:/Mesh-Generation-Adventure/Mesh Generation
E:/Mesh-Generation-Adventure/Mesh Generation
Using Asset Import Pipeline V2.
Refreshing native plugins compatible for Editor in 47.27 ms, found 0 plugins.
Preloading 0 native plugins for Editor in 0.00 ms.
Initialize engine version: 2020.3.1f1 (77a89f25062f)
[Subsystems] Discovering subsystems at path E:/Unity/2020.3.1f1/Editor/Data/Resources/UnitySubsystems
[Subsystems] Discovering subsystems at path E:/Mesh-Generation-Adventure/Mesh Generation/Assets
GfxDevice: creating device client; threaded=0
Direct3D:
    Version:  Direct3D 11.0 [level 11.1]
    Renderer: NVIDIA GeForce GTX 1660 SUPER (ID=0x21c4)
    Vendor:   
    VRAM:     5991 MB
    Driver:   27.21.14.6627
Shader 'Universal Render Pipeline/Particles/Lit': fallback shader 'Universal Render Pipeline/Particles/SimpleLit' not found
Initialize mono
Mono path[0] = 'E:/Unity/2020.3.1f1/Editor/Data/Managed'
Mono path[1] = 'E:/Unity/2020.3.1f1/Editor/Data/MonoBleedingEdge/lib/mono/unityjit'
Mono config path = 'E:/Unity/2020.3.1f1/Editor/Data/MonoBleedingEdge/etc'
Using monoOptions --debugger-agent=transport=dt_socket,embedding=1,server=y,suspend=n,address=127.0.0.1:56736
Begin MonoManager ReloadAssembly
Registering precompiled unity dll's ...
Register platform support module: E:/Unity/2020.3.1f1/Editor/Data/PlaybackEngines/WindowsStandaloneSupport/UnityEditor.WindowsStandalone.Extensions.dll
Registered in 0.001291 seconds.
Native extension for WindowsStandalone target not found
Refreshing native plugins compatible for Editor in 47.59 ms, found 0 plugins.
Preloading 0 native plugins for Editor in 0.00 ms.
Invoked RoslynAnalysisRunner static constructor.
RoslynAnalysisRunner will not be running.
RoslynAnalysisRunner has terminated.
Mono: successfully reloaded assembly
- Completed reload, in  1.881 seconds
Platform modules already initialized, skipping
Registering precompiled user dll's ...
Registered in 0.001081 seconds.
Begin MonoManager ReloadAssembly
Native extension for WindowsStandalone target not found
Refreshing native plugins compatible for Editor in 51.28 ms, found 0 plugins.
Preloading 0 native plugins for Editor in 0.00 ms.
Invoked RoslynAnalysisRunner static constructor.
RoslynAnalysisRunner will not be running.
RoslynAnalysisRunner has terminated.
Mono: successfully reloaded assembly
- Completed reload, in  1.028 seconds
Platform modules already initialized, skipping
========================================================================
Worker process is ready to serve import requests
Shader 'Universal Render Pipeline/Particles/Lit': fallback shader 'Universal Render Pipeline/Particles/SimpleLit' not found
Launched and connected shader compiler UnityShaderCompiler.exe after 0.09 seconds
Refreshing native plugins compatible for Editor in 0.71 ms, found 0 plugins.
Preloading 0 native plugins for Editor in 0.00 ms.
Unloading 2490 Unused Serialized files (Serialized files now loaded: 0)
System memory in use before: 124.2 MB.
System memory in use after: 123.2 MB.

Unloading 19 unused Assets to reduce memory usage. Loaded Objects now: 2927.
Total: 2.717000 ms (FindLiveObjects: 0.391500 ms CreateObjectMapping: 0.083000 ms MarkObjects: 1.831700 ms  DeleteObjects: 0.409700 ms)

========================================================================
Received Import Request.
  path: Assets/Prefabs/Harvesting Items/Copper Ore.prefab
  artifactKey: Guid(245b654c3b1319c46b05d86016ce1460) Importer(815301076,1909f56bfc062723c751e8b465ee728b)
Start importing Assets/Prefabs/Harvesting Items/Copper Ore.prefab using Guid(245b654c3b1319c46b05d86016ce1460) Importer(815301076,1909f56bfc062723c751e8b465ee728b)  -> (artifact id: '892b763a16312255b393ea651f2a4885') in 0.326501 seconds
  Import took 0.332608 seconds .

========================================================================
Received Import Request.
  Time since last request: 0.000217 seconds.
  path: Assets/Prefabs/Harvesting Items/Prodigy Ore.prefab
  artifactKey: Guid(128317ae6465d6c41b9a21f386d1475e) Importer(815301076,1909f56bfc062723c751e8b465ee728b)
Start importing Assets/Prefabs/Harvesting Items/Prodigy Ore.prefab using Guid(128317ae6465d6c41b9a21f386d1475e) Importer(815301076,1909f56bfc062723c751e8b465ee728b)  -> (artifact id: '4b17ded34ce8a0922dae665d0ae1b481') in 0.033954 seconds
  Import took 0.039921 seconds .

========================================================================
Received Import Request.
  Time since last request: 0.000199 seconds.
  path: Assets/Prefabs/Harvesting Items/Oxy Ore.prefab
  artifactKey: Guid(fdae2d3ed6e69944aac8aabbf9221245) Importer(815301076,1909f56bfc062723c751e8b465ee728b)
Start importing Assets/Prefabs/Harvesting Items/Oxy Ore.prefab using Guid(fdae2d3ed6e69944aac8aabbf9221245) Importer(815301076,1909f56bfc062723c751e8b465ee728b)  -> (artifact id: 'f279c238ce76fd766cd890d985c55a49') in 0.039593 seconds
  Import took 0.045167 seconds .

========================================================================
Received Import Request.
  Time since last request: 0.000240 seconds.
  path: Assets/Prefabs/Harvesting Items/Hydra Ore.prefab
  artifactKey: Guid(a877f140f2792be4dba0fabf99d4607c) Importer(815301076,1909f56bfc062723c751e8b465ee728b)
Start importing Assets/Prefabs/Harvesting Items/Hydra Ore.prefab using Guid(a877f140f2792be4dba0fabf99d4607c) Importer(815301076,1909f56bfc062723c751e8b465ee728b)  -> (artifact id: '28630db1ac22264587dcad1cf7ea7e1d') in 0.028732 seconds
  Import took 0.033933 seconds .

========================================================================
Received Import Request.
  Time since last request: 0.000176 seconds.
  path: Assets/Prefabs/Harvesting Items/Fire Ore.prefab
  artifactKey: Guid(7f46ecadef3cea64da60403f4fe59033) Importer(815301076,1909f56bfc062723c751e8b465ee728b)
Start importing Assets/Prefabs/Harvesting Items/Fire Ore.prefab using Guid(7f46ecadef3cea64da60403f4fe59033) Importer(815301076,1909f56bfc062723c751e8b465ee728b)  -> (artifact id: '7899d581b0599f4057865b485f851f42') in 0.027042 seconds
  Import took 0.031156 seconds .

========================================================================
Received Import Request.
  Time since last request: 0.000214 seconds.
  path: Assets/Prefabs/Harvesting Items/MystiRock Ore.prefab
  artifactKey: Guid(7d40127ee55f4214babfa8d078fc2c9c) Importer(815301076,1909f56bfc062723c751e8b465ee728b)
Start importing Assets/Prefabs/Harvesting Items/MystiRock Ore.prefab using Guid(7d40127ee55f4214babfa8d078fc2c9c) Importer(815301076,1909f56bfc062723c751e8b465ee728b)  -> (artifact id: '279e775bab0b5b0c18006726dfdc0cce') in 0.024834 seconds
  Import took 0.028764 seconds .

========================================================================
Received Import Request.
  Time since last request: 0.000176 seconds.
  path: Assets/Prefabs/Harvesting Items/Iron Ore.prefab
  artifactKey: Guid(a68e8a663eed62444bff78dd30a71923) Importer(815301076,1909f56bfc062723c751e8b465ee728b)
Start importing Assets/Prefabs/Harvesting Items/Iron Ore.prefab using Guid(a68e8a663eed62444bff78dd30a71923) Importer(815301076,1909f56bfc062723c751e8b465ee728b)  -> (artifact id: '233cdb8028646538181d88bc1a915e94') in 0.064187 seconds
  Import took 0.068355 seconds .

========================================================================
Received Import Request.
  Time since last request: 0.000174 seconds.
  path: Assets/Prefabs/Harvesting Items/Silver Ore.prefab
  artifactKey: Guid(dbaaac182da6bc24f9805cf84181b136) Importer(815301076,1909f56bfc062723c751e8b465ee728b)
Start importing Assets/Prefabs/Harvesting Items/Silver Ore.prefab using Guid(dbaaac182da6bc24f9805cf84181b136) Importer(815301076,1909f56bfc062723c751e8b465ee728b)  -> (artifact id: 'd9bf8814eedd728026c2bb2cd15f7615') in 0.024067 seconds
  Import took 0.027767 seconds .

========================================================================
Received Prepare
Registering precompiled user dll's ...
Registered in 0.001845 seconds.
Begin MonoManager ReloadAssembly
Native extension for WindowsStandalone target not found
Refreshing native plugins compatible for Editor in 0.58 ms, found 0 plugins.
Preloading 0 native plugins for Editor in 0.00 ms.
Invoked RoslynAnalysisRunner static constructor.
RoslynAnalysisRunner will not be running.
RoslynAnalysisRunner has terminated.
Mono: successfully reloaded assembly
- Completed reload, in  0.998 seconds
Platform modules already initialized, skipping
Shader 'Universal Render Pipeline/Particles/Lit': fallback shader 'Universal Render Pipeline/Particles/SimpleLit' not found
Refreshing native plugins compatible for Editor in 0.43 ms, found 0 plugins.
Preloading 0 native plugins for Editor in 0.00 ms.
Unloading 2371 Unused Serialized files (Serialized files now loaded: 0)
System memory in use before: 122.8 MB.
System memory in use after: 121.9 MB.

Unloading 14 unused Assets to reduce memory usage. Loaded Objects now: 2976.
Total: 2.616400 ms (FindLiveObjects: 0.283700 ms CreateObjectMapping: 0.062600 ms MarkObjects: 1.874300 ms  DeleteObjects: 0.394800 ms)

========================================================================
Received Import Request.
  Time since last request: 184.498946 seconds.
  path: Assets/Scriptable Objects/Tools
  artifactKey: Guid(0d16792ff6ac22343b10856a956cd135) Importer(815301076,1909f56bfc062723c751e8b465ee728b)
Start importing Assets/Scriptable Objects/Tools using Guid(0d16792ff6ac22343b10856a956cd135) Importer(815301076,1909f56bfc062723c751e8b465ee728b)  -> (artifact id: '77c639da78d5e7b2bec36eb63804dc04') in 0.009512 seconds
  Import took 0.015010 seconds .

========================================================================
Received Import Request.
  Time since last request: 10.951662 seconds.
  path: Assets/Scriptable Objects/Tools/AxePick.asset
  artifactKey: Guid(f062c54d4c85d4c439bfad85111815f4) Importer(815301076,1909f56bfc062723c751e8b465ee728b)
Start importing Assets/Scriptable Objects/Tools/AxePick.asset using Guid(f062c54d4c85d4c439bfad85111815f4) Importer(815301076,1909f56bfc062723c751e8b465ee728b)  -> (artifact id: '7bf293234312302b4a6415d7a457b723') in 0.018871 seconds
  Import took 0.024633 seconds .

========================================================================
Received Import Request.
  Time since last request: 10.699869 seconds.
  path: Assets/Scriptable Objects/Tools/AxePick.asset
  artifactKey: Guid(f062c54d4c85d4c439bfad85111815f4) Importer(815301076,1909f56bfc062723c751e8b465ee728b)
Start importing Assets/Scriptable Objects/Tools/AxePick.asset using Guid(f062c54d4c85d4c439bfad85111815f4) Importer(815301076,1909f56bfc062723c751e8b465ee728b)  -> (artifact id: '0adffcc0e8b4b194990c4cbb7fc87e8e') in 0.003605 seconds
  Import took 0.013313 seconds .

========================================================================
Received Prepare
Registering precompiled user dll's ...
Registered in 0.001242 seconds.
Begin MonoManager ReloadAssembly
Native extension for WindowsStandalone target not found
Refreshing native plugins compatible for Editor in 0.58 ms, found 0 plugins.
Preloading 0 native plugins for Editor in 0.00 ms.
Invoked RoslynAnalysisRunner static constructor.
RoslynAnalysisRunner will not be running.
RoslynAnalysisRunner has terminated.
Mono: successfully reloaded assembly
- Completed reload, in  0.932 seconds
Platform modules already initialized, skipping
Shader 'Universal Render Pipeline/Particles/Lit': fallback shader 'Universal Render Pipeline/Particles/SimpleLit' not found
Refreshing native plugins compatible for Editor in 0.50 ms, found 0 plugins.
Preloading 0 native plugins for Editor in 0.00 ms.
Unloading 2371 Unused Serialized files (Serialized files now loaded: 0)
System memory in use before: 122.8 MB.
System memory in use after: 121.9 MB.

Unloading 14 unused Assets to reduce memory usage. Loaded Objects now: 2979.
Total: 4.400400 ms (FindLiveObjects: 1.264900 ms CreateObjectMapping: 0.083400 ms MarkObjects: 2.253500 ms  DeleteObjects: 0.797200 ms)

========================================================================
Received Prepare
Registering precompiled user dll's ...
Registered in 0.001534 seconds.
Begin MonoManager ReloadAssembly
Native extension for WindowsStandalone target not found
Refreshing native plugins compatible for Editor in 1.19 ms, found 0 plugins.
Preloading 0 native plugins for Editor in 0.00 ms.
Invoked RoslynAnalysisRunner static constructor.
RoslynAnalysisRunner will not be running.
RoslynAnalysisRunner has terminated.
Mono: successfully reloaded assembly
- Completed reload, in  1.005 seconds
Platform modules already initialized, skipping
Shader 'Universal Render Pipeline/Particles/Lit': fallback shader 'Universal Render Pipeline/Particles/SimpleLit' not found
Refreshing native plugins compatible for Editor in 0.47 ms, found 0 plugins.
Preloading 0 native plugins for Editor in 0.00 ms.
Unloading 2371 Unused Serialized files (Serialized files now loaded: 0)
System memory in use before: 122.9 MB.
System memory in use after: 122.0 MB.

Unloading 14 unused Assets to reduce memory usage. Loaded Objects now: 2982.
Total: 3.767100 ms (FindLiveObjects: 0.485400 ms CreateObjectMapping: 0.062800 ms MarkObjects: 2.597000 ms  DeleteObjects: 0.620700 ms)

========================================================================
Received Prepare
Registering precompiled user dll's ...
Registered in 0.001527 seconds.
Begin MonoManager ReloadAssembly
Native extension for WindowsStandalone target not found
Refreshing native plugins compatible for Editor in 0.71 ms, found 0 plugins.
Preloading 0 native plugins for Editor in 0.00 ms.
Invoked RoslynAnalysisRunner static constructor.
RoslynAnalysisRunner will not be running.
RoslynAnalysisRunner has terminated.
Mono: successfully reloaded assembly
- Completed reload, in  1.024 seconds
Platform modules already initialized, skipping
Shader 'Universal Render Pipeline/Particles/Lit': fallback shader 'Universal Render Pipeline/Particles/SimpleLit' not found
Refreshing native plugins compatible for Editor in 0.53 ms, found 0 plugins.
Preloading 0 native plugins for Editor in 0.00 ms.
Unloading 2371 Unused Serialized files (Serialized files now loaded: 0)
System memory in use before: 122.9 MB.
System memory in use after: 122.0 MB.

Unloading 14 unused Assets to reduce memory usage. Loaded Objects now: 2985.
Total: 4.509700 ms (FindLiveObjects: 0.575300 ms CreateObjectMapping: 0.203000 ms MarkObjects: 3.177600 ms  DeleteObjects: 0.551600 ms)

========================================================================
Received Prepare
Registering precompiled user dll's ...
Registered in 0.001317 seconds.
Begin MonoManager ReloadAssembly
Native extension for WindowsStandalone target not found
Refreshing native plugins compatible for Editor in 0.53 ms, found 0 plugins.
Preloading 0 native plugins for Editor in 0.00 ms.
Invoked RoslynAnalysisRunner static constructor.
RoslynAnalysisRunner will not be running.
RoslynAnalysisRunner has terminated.
Mono: successfully reloaded assembly
- Completed reload, in  0.926 seconds
Platform modules already initialized, skipping
Shader 'Universal Render Pipeline/Particles/Lit': fallback shader 'Universal Render Pipeline/Particles/SimpleLit' not found
Refreshing native plugins compatible for Editor in 0.51 ms, found 0 plugins.
Preloading 0 native plugins for Editor in 0.00 ms.
Unloading 2371 Unused Serialized files (Serialized files now loaded: 0)
System memory in use before: 122.9 MB.
System memory in use after: 121.9 MB.

Unloading 14 unused Assets to reduce memory usage. Loaded Objects now: 2988.
Total: 4.771800 ms (FindLiveObjects: 0.280500 ms CreateObjectMapping: 0.063500 ms MarkObjects: 3.866400 ms  DeleteObjects: 0.560300 ms)

========================================================================
Received Prepare
Registering precompiled user dll's ...
Registered in 0.002466 seconds.
Begin MonoManager ReloadAssembly
Native extension for WindowsStandalone target not found
Refreshing native plugins compatible for Editor in 0.46 ms, found 0 plugins.
Preloading 0 native plugins for Editor in 0.00 ms.
Invoked RoslynAnalysisRunner static constructor.
RoslynAnalysisRunner will not be running.
RoslynAnalysisRunner has terminated.
Mono: successfully reloaded assembly
- Completed reload, in  1.014 seconds
Platform modules already initialized, skipping
Shader 'Universal Render Pipeline/Particles/Lit': fallback shader 'Universal Render Pipeline/Particles/SimpleLit' not found
Refreshing native plugins compatible for Editor in 0.43 ms, found 0 plugins.
Preloading 0 native plugins for Editor in 0.00 ms.
Unloading 2371 Unused Serialized files (Serialized files now loaded: 0)
System memory in use before: 122.9 MB.
System memory in use after: 122.0 MB.

Unloading 14 unused Assets to reduce memory usage. Loaded Objects now: 2991.
Total: 2.818900 ms (FindLiveObjects: 0.298900 ms CreateObjectMapping: 0.065600 ms MarkObjects: 1.715600 ms  DeleteObjects: 0.737900 ms)

========================================================================
Received Prepare
Registering precompiled user dll's ...
Registered in 0.001240 seconds.
Begin MonoManager ReloadAssembly
Native extension for WindowsStandalone target not found
Refreshing native plugins compatible for Editor in 0.48 ms, found 0 plugins.
Preloading 0 native plugins for Editor in 0.00 ms.
Invoked RoslynAnalysisRunner static constructor.
RoslynAnalysisRunner will not be running.
RoslynAnalysisRunner has terminated.
Mono: successfully reloaded assembly
- Completed reload, in  0.933 seconds
Platform modules already initialized, skipping
Shader 'Universal Render Pipeline/Particles/Lit': fallback shader 'Universal Render Pipeline/Particles/SimpleLit' not found
Refreshing native plugins compatible for Editor in 0.76 ms, found 0 plugins.
Preloading 0 native plugins for Editor in 0.00 ms.
Unloading 2371 Unused Serialized files (Serialized files now loaded: 0)
System memory in use before: 122.9 MB.
System memory in use after: 122.0 MB.

Unloading 14 unused Assets to reduce memory usage. Loaded Objects now: 2994.
Total: 6.166800 ms (FindLiveObjects: 0.375900 ms CreateObjectMapping: 0.067100 ms MarkObjects: 3.698100 ms  DeleteObjects: 2.024200 ms)

========================================================================
Received Prepare
Registering precompiled user dll's ...
Registered in 0.001200 seconds.
Begin MonoManager ReloadAssembly
Native extension for WindowsStandalone target not found
Refreshing native plugins compatible for Editor in 0.61 ms, found 0 plugins.
Preloading 0 native plugins for Editor in 0.00 ms.
Invoked RoslynAnalysisRunner static constructor.
RoslynAnalysisRunner will not be running.
RoslynAnalysisRunner has terminated.
Mono: successfully reloaded assembly
- Completed reload, in  0.993 seconds
Platform modules already initialized, skipping
Shader 'Universal Render Pipeline/Particles/Lit': fallback shader 'Universal Render Pipeline/Particles/SimpleLit' not found
Refreshing native plugins compatible for Editor in 0.45 ms, found 0 plugins.
Preloading 0 native plugins for Editor in 0.00 ms.
Unloading 2371 Unused Serialized files (Serialized files now loaded: 0)
System memory in use before: 122.9 MB.
System memory in use after: 122.0 MB.

Unloading 14 unused Assets to reduce memory usage. Loaded Objects now: 2997.
Total: 3.602300 ms (FindLiveObjects: 0.284800 ms CreateObjectMapping: 0.064200 ms MarkObjects: 1.563800 ms  DeleteObjects: 1.688400 ms)

========================================================================
Received Prepare
Registering precompiled user dll's ...
Registered in 0.001604 seconds.
Begin MonoManager ReloadAssembly
Native extension for WindowsStandalone target not found
Refreshing native plugins compatible for Editor in 0.64 ms, found 0 plugins.
Preloading 0 native plugins for Editor in 0.00 ms.
Invoked RoslynAnalysisRunner static constructor.
RoslynAnalysisRunner will not be running.
RoslynAnalysisRunner has terminated.
Mono: successfully reloaded assembly
- Completed reload, in  0.964 seconds
Platform modules already initialized, skipping
Shader 'Universal Render Pipeline/Particles/Lit': fallback shader 'Universal Render Pipeline/Particles/SimpleLit' not found
Refreshing native plugins compatible for Editor in 0.75 ms, found 0 plugins.
Preloading 0 native plugins for Editor in 0.00 ms.
Unloading 2371 Unused Serialized files (Serialized files now loaded: 0)
System memory in use before: 122.9 MB.
System memory in use after: 122.0 MB.

Unloading 14 unused Assets to reduce memory usage. Loaded Objects now: 3000.
Total: 2.796900 ms (FindLiveObjects: 0.425300 ms CreateObjectMapping: 0.085900 ms MarkObjects: 1.810200 ms  DeleteObjects: 0.474700 ms)

========================================================================
Received Prepare
Registering precompiled user dll's ...
Registered in 0.001678 seconds.
Begin MonoManager ReloadAssembly
Native extension for WindowsStandalone target not found
Refreshing native plugins compatible for Editor in 0.60 ms, found 0 plugins.
Preloading 0 native plugins for Editor in 0.00 ms.
Invoked RoslynAnalysisRunner static constructor.
RoslynAnalysisRunner will not be running.
RoslynAnalysisRunner has terminated.
Mono: successfully reloaded assembly
- Completed reload, in  0.932 seconds
Platform modules already initialized, skipping
Shader 'Universal Render Pipeline/Particles/Lit': fallback shader 'Universal Render Pipeline/Particles/SimpleLit' not found
Refreshing native plugins compatible for Editor in 0.67 ms, found 0 plugins.
Preloading 0 native plugins for Editor in 0.00 ms.
Unloading 2371 Unused Serialized files (Serialized files now loaded: 0)
System memory in use before: 122.8 MB.
System memory in use after: 121.9 MB.

Unloading 14 unused Assets to reduce memory usage. Loaded Objects now: 3003.
Total: 3.298200 ms (FindLiveObjects: 0.778200 ms CreateObjectMapping: 0.076900 ms MarkObjects: 1.934800 ms  DeleteObjects: 0.506800 ms)

========================================================================
Received Import Request.
  Time since last request: 1748.488387 seconds.
  path: Assets/Materials/Desert.mat
  artifactKey: Guid(621cddb90cd1f9841a2dfc0d34e83d3d) Importer(815301076,1909f56bfc062723c751e8b465ee728b)
Start importing Assets/Materials/Desert.mat using Guid(621cddb90cd1f9841a2dfc0d34e83d3d) Importer(815301076,1909f56bfc062723c751e8b465ee728b)  -> (artifact id: 'f43a78a29b73e704312942cb8e2cfc03') in 0.226341 seconds
  Import took 0.231545 seconds .

========================================================================
Received Import Request.
  Time since last request: 27.854355 seconds.
  path: Assets/Shaders/Stars.shadergraph
  artifactKey: Guid(a751c27dbebe26d4f9260fa7a80a3488) Importer(815301076,1909f56bfc062723c751e8b465ee728b)
Start importing Assets/Shaders/Stars.shadergraph using Guid(a751c27dbebe26d4f9260fa7a80a3488) Importer(815301076,1909f56bfc062723c751e8b465ee728b)  -> (artifact id: '7894a136d7dd8f5fddcb401e62f7b8b8') in 0.065732 seconds
  Import took 0.070800 seconds .

========================================================================
Received Import Request.
  Time since last request: 0.040521 seconds.
  path: Assets/Shaders/Stars.shadergraph
  artifactKey: Guid(a751c27dbebe26d4f9260fa7a80a3488) Importer(815301076,1909f56bfc062723c751e8b465ee728b)
Start importing Assets/Shaders/Stars.shadergraph using Guid(a751c27dbebe26d4f9260fa7a80a3488) Importer(815301076,1909f56bfc062723c751e8b465ee728b)  -> (artifact id: '7894a136d7dd8f5fddcb401e62f7b8b8') in 0.002959 seconds
  Import took 0.006488 seconds .

========================================================================
Received Import Request.
  Time since last request: 35.158061 seconds.
  path: Assets/Shaders/Stars.shadergraph
  artifactKey: Guid(a751c27dbebe26d4f9260fa7a80a3488) Importer(815301076,1909f56bfc062723c751e8b465ee728b)
Start importing Assets/Shaders/Stars.shadergraph using Guid(a751c27dbebe26d4f9260fa7a80a3488) Importer(815301076,1909f56bfc062723c751e8b465ee728b)  -> (artifact id: '830f1d42ed6ebcc9ffcfb73a0b36fc42') in 0.002360 seconds
  Import took 0.006284 seconds .

========================================================================
Received Import Request.
  Time since last request: 11011.114161 seconds.
  path: Assets/Scripts/HarvestingItem.cs
  artifactKey: Guid(13bd8cfb17cd4444db3f5a9ed63f34ad) Importer(815301076,1909f56bfc062723c751e8b465ee728b)
Start importing Assets/Scripts/HarvestingItem.cs using Guid(13bd8cfb17cd4444db3f5a9ed63f34ad) Importer(815301076,1909f56bfc062723c751e8b465ee728b)  -> (artifact id: '33582c9c5d4e457c1e373504c43e57b3') in 0.039685 seconds
  Import took 0.297145 seconds .

========================================================================
Received Import Request.
  Time since last request: 0.006270 seconds.
  path: Assets/Scripts/Interaction.cs
  artifactKey: Guid(ad52de44649bc8a4dbb60e929a7035bf) Importer(815301076,1909f56bfc062723c751e8b465ee728b)
Start importing Assets/Scripts/Interaction.cs using Guid(ad52de44649bc8a4dbb60e929a7035bf) Importer(815301076,1909f56bfc062723c751e8b465ee728b)  -> (artifact id: 'a09b54cd1cf55ccbb6bc1f2b35479bf5') in 0.008614 seconds
  Import took 0.020223 seconds .

========================================================================
Received Import Request.
  Time since last request: 0.038116 seconds.
  path: Assets/Scripts/Interaction.cs
  artifactKey: Guid(ad52de44649bc8a4dbb60e929a7035bf) Importer(815301076,1909f56bfc062723c751e8b465ee728b)
Start importing Assets/Scripts/Interaction.cs using Guid(ad52de44649bc8a4dbb60e929a7035bf) Importer(815301076,1909f56bfc062723c751e8b465ee728b)  -> (artifact id: 'a09b54cd1cf55ccbb6bc1f2b35479bf5') in 0.016913 seconds
  Import took 0.028746 seconds .

========================================================================
Received Prepare
Registering precompiled user dll's ...
Registered in 0.002153 seconds.
Begin MonoManager ReloadAssembly
Native extension for WindowsStandalone target not found
Refreshing native plugins compatible for Editor in 1.15 ms, found 0 plugins.
Preloading 0 native plugins for Editor in 0.00 ms.
Invoked RoslynAnalysisRunner static constructor.
RoslynAnalysisRunner will not be running.
RoslynAnalysisRunner has terminated.
Mono: successfully reloaded assembly
- Completed reload, in  1.314 seconds
Platform modules already initialized, skipping
Shader 'Universal Render Pipeline/Particles/Lit': fallback shader 'Universal Render Pipeline/Particles/SimpleLit' not found
Refreshing native plugins compatible for Editor in 0.56 ms, found 0 plugins.
Preloading 0 native plugins for Editor in 0.00 ms.
Unloading 2370 Unused Serialized files (Serialized files now loaded: 0)
System memory in use before: 123.3 MB.
System memory in use after: 122.4 MB.

Unloading 15 unused Assets to reduce memory usage. Loaded Objects now: 3074.
Total: 4.956600 ms (FindLiveObjects: 0.707700 ms CreateObjectMapping: 0.114500 ms MarkObjects: 3.451500 ms  DeleteObjects: 0.680700 ms)

========================================================================
Received Prepare
Registering precompiled user dll's ...
Registered in 0.001577 seconds.
Begin MonoManager ReloadAssembly
Native extension for WindowsStandalone target not found
Refreshing native plugins compatible for Editor in 1.11 ms, found 0 plugins.
Preloading 0 native plugins for Editor in 0.00 ms.
Invoked RoslynAnalysisRunner static constructor.
RoslynAnalysisRunner will not be running.
RoslynAnalysisRunner has terminated.
Mono: successfully reloaded assembly
- Completed reload, in  1.073 seconds
Platform modules already initialized, skipping
Shader 'Universal Render Pipeline/Particles/Lit': fallback shader 'Universal Render Pipeline/Particles/SimpleLit' not found
Refreshing native plugins compatible for Editor in 1.37 ms, found 0 plugins.
Preloading 0 native plugins for Editor in 0.00 ms.
Unloading 2370 Unused Serialized files (Serialized files now loaded: 0)
System memory in use before: 123.3 MB.
System memory in use after: 122.4 MB.

Unloading 14 unused Assets to reduce memory usage. Loaded Objects now: 3077.
Total: 3.763000 ms (FindLiveObjects: 0.555000 ms CreateObjectMapping: 0.187900 ms MarkObjects: 2.364800 ms  DeleteObjects: 0.653600 ms)

========================================================================
Received Prepare
Registering precompiled user dll's ...
Registered in 0.001351 seconds.
Begin MonoManager ReloadAssembly
Native extension for WindowsStandalone target not found
Refreshing native plugins compatible for Editor in 0.51 ms, found 0 plugins.
Preloading 0 native plugins for Editor in 0.00 ms.
Invoked RoslynAnalysisRunner static constructor.
RoslynAnalysisRunner will not be running.
RoslynAnalysisRunner has terminated.
Mono: successfully reloaded assembly
- Completed reload, in  1.012 seconds
Platform modules already initialized, skipping
Shader 'Universal Render Pipeline/Particles/Lit': fallback shader 'Universal Render Pipeline/Particles/SimpleLit' not found
Refreshing native plugins compatible for Editor in 0.46 ms, found 0 plugins.
Preloading 0 native plugins for Editor in 0.00 ms.
Unloading 2370 Unused Serialized files (Serialized files now loaded: 0)
System memory in use before: 123.3 MB.
System memory in use after: 122.4 MB.

Unloading 14 unused Assets to reduce memory usage. Loaded Objects now: 3080.
Total: 5.006400 ms (FindLiveObjects: 0.650500 ms CreateObjectMapping: 0.098600 ms MarkObjects: 3.226000 ms  DeleteObjects: 1.028100 ms)

========================================================================
Received Import Request.
  Time since last request: 1228.956053 seconds.
  path: Assets/Prefabs/Harvesting Items/Cactus.blend
  artifactKey: Guid(f47303e1342349946a6d2d576c8e7f07) Importer(815301076,1909f56bfc062723c751e8b465ee728b)
Start importing Assets/Prefabs/Harvesting Items/Cactus.blend using Guid(f47303e1342349946a6d2d576c8e7f07) Importer(815301076,1909f56bfc062723c751e8b465ee728b)  -> (artifact id: 'fb18254a45d47fcf731c5a42df73926f') in 0.386525 seconds
  Import took 0.392338 seconds .

========================================================================
Received Import Request.
  Time since last request: 43.211973 seconds.
  path: Assets/Prefabs/Harvesting Items/Cactus.blend
  artifactKey: Guid(f47303e1342349946a6d2d576c8e7f07) Importer(815301076,1909f56bfc062723c751e8b465ee728b)
Start importing Assets/Prefabs/Harvesting Items/Cactus.blend using Guid(f47303e1342349946a6d2d576c8e7f07) Importer(815301076,1909f56bfc062723c751e8b465ee728b)  -> (artifact id: '6615bb8f429539edbeaa277b81296089') in 0.033213 seconds
  Import took 0.038431 seconds .

========================================================================
Received Import Request.
  Time since last request: 86.453305 seconds.
  path: Assets/Prefabs/Harvesting Items/Cactus.prefab
  artifactKey: Guid(688e44ffff3ce7d4aaaaaba41d5b769b) Importer(815301076,1909f56bfc062723c751e8b465ee728b)
Start importing Assets/Prefabs/Harvesting Items/Cactus.prefab using Guid(688e44ffff3ce7d4aaaaaba41d5b769b) Importer(815301076,1909f56bfc062723c751e8b465ee728b)  -> (artifact id: '92b994b579235441253c16b3950e8089') in 0.017062 seconds
  Import took 0.022105 seconds .

========================================================================
Received Import Request.
  Time since last request: 16.681986 seconds.
  path: Assets/Scriptable Objects/Structures/Cactus.asset
  artifactKey: Guid(8f3e03ec7070e2948936c4f28c877c01) Importer(815301076,1909f56bfc062723c751e8b465ee728b)
Start importing Assets/Scriptable Objects/Structures/Cactus.asset using Guid(8f3e03ec7070e2948936c4f28c877c01) Importer(815301076,1909f56bfc062723c751e8b465ee728b)  -> (artifact id: '15d79b78b0b7d1b2729ce4fa4256d05c') in 0.004171 seconds
  Import took 0.009075 seconds .

========================================================================
Received Import Request.
  Time since last request: 0.001978 seconds.
  path: Assets/Scriptable Objects/Structures/Cactus.asset
  artifactKey: Guid(8f3e03ec7070e2948936c4f28c877c01) Importer(815301076,1909f56bfc062723c751e8b465ee728b)
Start importing Assets/Scriptable Objects/Structures/Cactus.asset using Guid(8f3e03ec7070e2948936c4f28c877c01) Importer(815301076,1909f56bfc062723c751e8b465ee728b)  -> (artifact id: '15d79b78b0b7d1b2729ce4fa4256d05c') in 0.005909 seconds
  Import took 0.012221 seconds .

========================================================================
Received Import Request.
  Time since last request: 22.878506 seconds.
  path: Assets/Scriptable Objects/Structures/Cactus.asset
  artifactKey: Guid(8f3e03ec7070e2948936c4f28c877c01) Importer(815301076,1909f56bfc062723c751e8b465ee728b)
Start importing Assets/Scriptable Objects/Structures/Cactus.asset using Guid(8f3e03ec7070e2948936c4f28c877c01) Importer(815301076,1909f56bfc062723c751e8b465ee728b)  -> (artifact id: '6ec3fb2e4efb42e36b262e5d8eb3ffc3') in 0.005685 seconds
  Import took 0.013977 seconds .

========================================================================
Received Import Request.
  Time since last request: 0.000523 seconds.
  path: Assets/Scriptable Objects/Structures/Cactus.asset
  artifactKey: Guid(8f3e03ec7070e2948936c4f28c877c01) Importer(815301076,1909f56bfc062723c751e8b465ee728b)
Start importing Assets/Scriptable Objects/Structures/Cactus.asset using Guid(8f3e03ec7070e2948936c4f28c877c01) Importer(815301076,1909f56bfc062723c751e8b465ee728b)  -> (artifact id: '6ec3fb2e4efb42e36b262e5d8eb3ffc3') in 0.003116 seconds
  Import took 0.008083 seconds .

========================================================================
Received Import Request.
  Time since last request: 13.986710 seconds.
  path: Assets/Scriptable Objects/Structures/Cactus.asset
  artifactKey: Guid(8f3e03ec7070e2948936c4f28c877c01) Importer(815301076,1909f56bfc062723c751e8b465ee728b)
Start importing Assets/Scriptable Objects/Structures/Cactus.asset using Guid(8f3e03ec7070e2948936c4f28c877c01) Importer(815301076,1909f56bfc062723c751e8b465ee728b)  -> (artifact id: '75af8989d7487e6a6af5c816f37ffdb3') in 0.003480 seconds
  Import took 0.035560 seconds .

========================================================================
Received Prepare
Registering precompiled user dll's ...
Registered in 0.001845 seconds.
Begin MonoManager ReloadAssembly
Native extension for WindowsStandalone target not found
Refreshing native plugins compatible for Editor in 0.50 ms, found 0 plugins.
Preloading 0 native plugins for Editor in 0.00 ms.
Invoked RoslynAnalysisRunner static constructor.
RoslynAnalysisRunner will not be running.
RoslynAnalysisRunner has terminated.
Mono: successfully reloaded assembly
- Completed reload, in  0.953 seconds
Platform modules already initialized, skipping
Shader 'Universal Render Pipeline/Particles/Lit': fallback shader 'Universal Render Pipeline/Particles/SimpleLit' not found
Refreshing native plugins compatible for Editor in 0.90 ms, found 0 plugins.
Preloading 0 native plugins for Editor in 0.00 ms.
Unloading 2370 Unused Serialized files (Serialized files now loaded: 0)
System memory in use before: 123.7 MB.
System memory in use after: 122.8 MB.

Unloading 14 unused Assets to reduce memory usage. Loaded Objects now: 3122.
Total: 3.611200 ms (FindLiveObjects: 0.530200 ms CreateObjectMapping: 0.117900 ms MarkObjects: 2.383500 ms  DeleteObjects: 0.578300 ms)

========================================================================
Received Prepare
Registering precompiled user dll's ...
Registered in 0.001577 seconds.
Begin MonoManager ReloadAssembly
Native extension for WindowsStandalone target not found
Refreshing native plugins compatible for Editor in 0.70 ms, found 0 plugins.
Preloading 0 native plugins for Editor in 0.00 ms.
Invoked RoslynAnalysisRunner static constructor.
RoslynAnalysisRunner will not be running.
RoslynAnalysisRunner has terminated.
Mono: successfully reloaded assembly
- Completed reload, in  1.001 seconds
Platform modules already initialized, skipping
Shader 'Universal Render Pipeline/Particles/Lit': fallback shader 'Universal Render Pipeline/Particles/SimpleLit' not found
Refreshing native plugins compatible for Editor in 0.80 ms, found 0 plugins.
Preloading 0 native plugins for Editor in 0.00 ms.
Unloading 2370 Unused Serialized files (Serialized files now loaded: 0)
System memory in use before: 123.6 MB.
System memory in use after: 122.7 MB.

Unloading 14 unused Assets to reduce memory usage. Loaded Objects now: 3125.
Total: 3.396700 ms (FindLiveObjects: 0.360800 ms CreateObjectMapping: 0.066000 ms MarkObjects: 2.265400 ms  DeleteObjects: 0.703700 ms)

========================================================================
Received Import Request.
  Time since last request: 96.672097 seconds.
  path: Assets/Scriptable Objects/Structures/Cactus.asset
  artifactKey: Guid(8f3e03ec7070e2948936c4f28c877c01) Importer(815301076,1909f56bfc062723c751e8b465ee728b)
Start importing Assets/Scriptable Objects/Structures/Cactus.asset using Guid(8f3e03ec7070e2948936c4f28c877c01) Importer(815301076,1909f56bfc062723c751e8b465ee728b)  -> (artifact id: '51d00d5d1cf23ec4a36b4a2fc5c542ad') in 0.020615 seconds
  Import took 0.027935 seconds .

========================================================================
Received Import Request.
  Time since last request: 1.513795 seconds.
  path: Assets/Scriptable Objects/Structures/Cactus.asset
  artifactKey: Guid(8f3e03ec7070e2948936c4f28c877c01) Importer(815301076,1909f56bfc062723c751e8b465ee728b)
Start importing Assets/Scriptable Objects/Structures/Cactus.asset using Guid(8f3e03ec7070e2948936c4f28c877c01) Importer(815301076,1909f56bfc062723c751e8b465ee728b)  -> (artifact id: '51d00d5d1cf23ec4a36b4a2fc5c542ad') in 0.005397 seconds
  Import took 0.009679 seconds .

========================================================================
Received Prepare
Registering precompiled user dll's ...
Registered in 0.001741 seconds.
Begin MonoManager ReloadAssembly
Native extension for WindowsStandalone target not found
Refreshing native plugins compatible for Editor in 0.74 ms, found 0 plugins.
Preloading 0 native plugins for Editor in 0.00 ms.
Invoked RoslynAnalysisRunner static constructor.
RoslynAnalysisRunner will not be running.
RoslynAnalysisRunner has terminated.
Mono: successfully reloaded assembly
- Completed reload, in  0.998 seconds
Platform modules already initialized, skipping
Shader 'Universal Render Pipeline/Particles/Lit': fallback shader 'Universal Render Pipeline/Particles/SimpleLit' not found
Refreshing native plugins compatible for Editor in 0.67 ms, found 0 plugins.
Preloading 0 native plugins for Editor in 0.00 ms.
Unloading 2370 Unused Serialized files (Serialized files now loaded: 0)
System memory in use before: 123.7 MB.
System memory in use after: 122.8 MB.

Unloading 14 unused Assets to reduce memory usage. Loaded Objects now: 3128.
Total: 6.763300 ms (FindLiveObjects: 0.457200 ms CreateObjectMapping: 0.080500 ms MarkObjects: 5.610400 ms  DeleteObjects: 0.613700 ms)

========================================================================
Received Import Request.
  Time since last request: 30.303715 seconds.
  path: Assets/Scriptable Objects/Structures/Cactus.asset
  artifactKey: Guid(8f3e03ec7070e2948936c4f28c877c01) Importer(815301076,1909f56bfc062723c751e8b465ee728b)
Start importing Assets/Scriptable Objects/Structures/Cactus.asset using Guid(8f3e03ec7070e2948936c4f28c877c01) Importer(815301076,1909f56bfc062723c751e8b465ee728b)  -> (artifact id: '7539585bfc9d68b4d9266d560919b5a0') in 0.015391 seconds
  Import took 0.045782 seconds .

========================================================================
Received Prepare
Registering precompiled user dll's ...
Registered in 0.001232 seconds.
Begin MonoManager ReloadAssembly
Native extension for WindowsStandalone target not found
Refreshing native plugins compatible for Editor in 0.47 ms, found 0 plugins.
Preloading 0 native plugins for Editor in 0.00 ms.
Invoked RoslynAnalysisRunner static constructor.
RoslynAnalysisRunner will not be running.
RoslynAnalysisRunner has terminated.
Mono: successfully reloaded assembly
- Completed reload, in  0.965 seconds
Platform modules already initialized, skipping
Shader 'Universal Render Pipeline/Particles/Lit': fallback shader 'Universal Render Pipeline/Particles/SimpleLit' not found
Refreshing native plugins compatible for Editor in 0.58 ms, found 0 plugins.
Preloading 0 native plugins for Editor in 0.00 ms.
Unloading 2370 Unused Serialized files (Serialized files now loaded: 0)
System memory in use before: 123.7 MB.
System memory in use after: 122.8 MB.

Unloading 14 unused Assets to reduce memory usage. Loaded Objects now: 3131.
Total: 4.677400 ms (FindLiveObjects: 1.655600 ms CreateObjectMapping: 0.152000 ms MarkObjects: 2.342700 ms  DeleteObjects: 0.526300 ms)

========================================================================
Received Import Request.
  Time since last request: 57.419096 seconds.
  path: Assets/Scriptable Objects/Biomes/DesertBiomeNoise.asset
  artifactKey: Guid(eb0857c01cafbbc4db654003cc7c0bd1) Importer(815301076,1909f56bfc062723c751e8b465ee728b)
Start importing Assets/Scriptable Objects/Biomes/DesertBiomeNoise.asset using Guid(eb0857c01cafbbc4db654003cc7c0bd1) Importer(815301076,1909f56bfc062723c751e8b465ee728b)  -> (artifact id: '4f7ae67d184e12b4e57c846c9915899e') in 0.019803 seconds
  Import took 0.026015 seconds .

========================================================================
Received Import Request.
  Time since last request: 29.126847 seconds.
  path: Assets/Scriptable Objects/Structures/Cactus.asset
  artifactKey: Guid(8f3e03ec7070e2948936c4f28c877c01) Importer(815301076,1909f56bfc062723c751e8b465ee728b)
Start importing Assets/Scriptable Objects/Structures/Cactus.asset using Guid(8f3e03ec7070e2948936c4f28c877c01) Importer(815301076,1909f56bfc062723c751e8b465ee728b)  -> (artifact id: 'c0e638b94701cbed2bc077251eaf66d7') in 0.003775 seconds
  Import took 0.009323 seconds .

========================================================================
Received Prepare
Registering precompiled user dll's ...
Registered in 0.001294 seconds.
Begin MonoManager ReloadAssembly
Native extension for WindowsStandalone target not found
Refreshing native plugins compatible for Editor in 0.48 ms, found 0 plugins.
Preloading 0 native plugins for Editor in 0.00 ms.
Invoked RoslynAnalysisRunner static constructor.
RoslynAnalysisRunner will not be running.
RoslynAnalysisRunner has terminated.
Mono: successfully reloaded assembly
- Completed reload, in  1.051 seconds
Platform modules already initialized, skipping
Shader 'Universal Render Pipeline/Particles/Lit': fallback shader 'Universal Render Pipeline/Particles/SimpleLit' not found
Refreshing native plugins compatible for Editor in 0.52 ms, found 0 plugins.
Preloading 0 native plugins for Editor in 0.00 ms.
Unloading 2370 Unused Serialized files (Serialized files now loaded: 0)
System memory in use before: 123.7 MB.
System memory in use after: 122.8 MB.

Unloading 14 unused Assets to reduce memory usage. Loaded Objects now: 3134.
Total: 5.109700 ms (FindLiveObjects: 0.484400 ms CreateObjectMapping: 0.089300 ms MarkObjects: 3.670400 ms  DeleteObjects: 0.864100 ms)

========================================================================
Received Import Request.
  Time since last request: 43.256855 seconds.
  path: Assets/Scriptable Objects/Biomes/DesertBiomeNoise.asset
  artifactKey: Guid(eb0857c01cafbbc4db654003cc7c0bd1) Importer(815301076,1909f56bfc062723c751e8b465ee728b)
Start importing Assets/Scriptable Objects/Biomes/DesertBiomeNoise.asset using Guid(eb0857c01cafbbc4db654003cc7c0bd1) Importer(815301076,1909f56bfc062723c751e8b465ee728b)  -> (artifact id: '9984a19c6992d6bfe97b81b7b45f1521') in 0.018624 seconds
  Import took 0.024610 seconds .

========================================================================
Received Prepare
Registering precompiled user dll's ...
Registered in 0.001558 seconds.
Begin MonoManager ReloadAssembly
Native extension for WindowsStandalone target not found
Refreshing native plugins compatible for Editor in 0.83 ms, found 0 plugins.
Preloading 0 native plugins for Editor in 0.00 ms.
Invoked RoslynAnalysisRunner static constructor.
RoslynAnalysisRunner will not be running.
RoslynAnalysisRunner has terminated.
Mono: successfully reloaded assembly
- Completed reload, in  1.062 seconds
Platform modules already initialized, skipping
Shader 'Universal Render Pipeline/Particles/Lit': fallback shader 'Universal Render Pipeline/Particles/SimpleLit' not found
Refreshing native plugins compatible for Editor in 0.51 ms, found 0 plugins.
Preloading 0 native plugins for Editor in 0.00 ms.
Unloading 2370 Unused Serialized files (Serialized files now loaded: 0)
System memory in use before: 123.7 MB.
System memory in use after: 122.8 MB.

Unloading 14 unused Assets to reduce memory usage. Loaded Objects now: 3137.
Total: 6.520400 ms (FindLiveObjects: 1.008900 ms CreateObjectMapping: 0.078200 ms MarkObjects: 4.468600 ms  DeleteObjects: 0.962700 ms)

========================================================================
Received Import Request.
  Time since last request: 39.347391 seconds.
  path: Assets/Scriptable Objects/Biomes/DesertBiomeNoise.asset
  artifactKey: Guid(eb0857c01cafbbc4db654003cc7c0bd1) Importer(815301076,1909f56bfc062723c751e8b465ee728b)
Start importing Assets/Scriptable Objects/Biomes/DesertBiomeNoise.asset using Guid(eb0857c01cafbbc4db654003cc7c0bd1) Importer(815301076,1909f56bfc062723c751e8b465ee728b)  -> (artifact id: '8761877344fb7e52a14961af848257d9') in 0.016165 seconds
  Import took 0.022207 seconds .

========================================================================
Received Import Request.
  Time since last request: 5.601983 seconds.
  path: Assets/Scriptable Objects/Structures/Cactus.asset
  artifactKey: Guid(8f3e03ec7070e2948936c4f28c877c01) Importer(815301076,1909f56bfc062723c751e8b465ee728b)
Start importing Assets/Scriptable Objects/Structures/Cactus.asset using Guid(8f3e03ec7070e2948936c4f28c877c01) Importer(815301076,1909f56bfc062723c751e8b465ee728b)  -> (artifact id: 'da307c7cf3a418f0796ec64561bb7d36') in 0.032301 seconds
  Import took 0.044734 seconds .

========================================================================
Received Import Request.
  Time since last request: 8.536726 seconds.
  path: Assets/Scriptable Objects/Structures/Cactus.asset
  artifactKey: Guid(8f3e03ec7070e2948936c4f28c877c01) Importer(815301076,1909f56bfc062723c751e8b465ee728b)
Start importing Assets/Scriptable Objects/Structures/Cactus.asset using Guid(8f3e03ec7070e2948936c4f28c877c01) Importer(815301076,1909f56bfc062723c751e8b465ee728b)  -> (artifact id: '5d6bc6c2a643433594e6bfeda59738d1') in 0.005058 seconds
  Import took 0.011900 seconds .

========================================================================
Received Prepare
Registering precompiled user dll's ...
Registered in 0.002178 seconds.
Begin MonoManager ReloadAssembly
Native extension for WindowsStandalone target not found
Refreshing native plugins compatible for Editor in 0.60 ms, found 0 plugins.
Preloading 0 native plugins for Editor in 0.00 ms.
Invoked RoslynAnalysisRunner static constructor.
RoslynAnalysisRunner will not be running.
RoslynAnalysisRunner has terminated.
Mono: successfully reloaded assembly
- Completed reload, in  1.030 seconds
Platform modules already initialized, skipping
Shader 'Universal Render Pipeline/Particles/Lit': fallback shader 'Universal Render Pipeline/Particles/SimpleLit' not found
Refreshing native plugins compatible for Editor in 0.60 ms, found 0 plugins.
Preloading 0 native plugins for Editor in 0.00 ms.
Unloading 2370 Unused Serialized files (Serialized files now loaded: 0)
System memory in use before: 123.6 MB.
System memory in use after: 122.7 MB.

Unloading 14 unused Assets to reduce memory usage. Loaded Objects now: 3140.
Total: 5.680200 ms (FindLiveObjects: 0.523200 ms CreateObjectMapping: 0.085000 ms MarkObjects: 4.478600 ms  DeleteObjects: 0.590200 ms)

========================================================================
Received Prepare
Registering precompiled user dll's ...
Registered in 0.001565 seconds.
Begin MonoManager ReloadAssembly
Native extension for WindowsStandalone target not found
Refreshing native plugins compatible for Editor in 0.65 ms, found 0 plugins.
Preloading 0 native plugins for Editor in 0.00 ms.
Invoked RoslynAnalysisRunner static constructor.
RoslynAnalysisRunner will not be running.
RoslynAnalysisRunner has terminated.
Mono: successfully reloaded assembly
- Completed reload, in  1.047 seconds
Platform modules already initialized, skipping
Shader 'Universal Render Pipeline/Particles/Lit': fallback shader 'Universal Render Pipeline/Particles/SimpleLit' not found
Refreshing native plugins compatible for Editor in 0.51 ms, found 0 plugins.
Preloading 0 native plugins for Editor in 0.00 ms.
Unloading 2370 Unused Serialized files (Serialized files now loaded: 0)
System memory in use before: 123.7 MB.
System memory in use after: 122.8 MB.

Unloading 14 unused Assets to reduce memory usage. Loaded Objects now: 3143.
Total: 6.554000 ms (FindLiveObjects: 0.535500 ms CreateObjectMapping: 0.076600 ms MarkObjects: 5.208100 ms  DeleteObjects: 0.732000 ms)

========================================================================
Received Import Request.
  Time since last request: 54.952240 seconds.
  path: Assets/Scriptable Objects/Structures/Cactus.asset
  artifactKey: Guid(8f3e03ec7070e2948936c4f28c877c01) Importer(815301076,1909f56bfc062723c751e8b465ee728b)
Start importing Assets/Scriptable Objects/Structures/Cactus.asset using Guid(8f3e03ec7070e2948936c4f28c877c01) Importer(815301076,1909f56bfc062723c751e8b465ee728b)  -> (artifact id: '4985a723b3f201f51165d3d35251b42b') in 0.016716 seconds
  Import took 0.021610 seconds .

========================================================================
Received Prepare
Registering precompiled user dll's ...
Registered in 0.001646 seconds.
Begin MonoManager ReloadAssembly
Native extension for WindowsStandalone target not found
Refreshing native plugins compatible for Editor in 0.77 ms, found 0 plugins.
Preloading 0 native plugins for Editor in 0.00 ms.
Invoked RoslynAnalysisRunner static constructor.
RoslynAnalysisRunner will not be running.
RoslynAnalysisRunner has terminated.
Mono: successfully reloaded assembly
- Completed reload, in  1.060 seconds
Platform modules already initialized, skipping
Shader 'Universal Render Pipeline/Particles/Lit': fallback shader 'Universal Render Pipeline/Particles/SimpleLit' not found
Refreshing native plugins compatible for Editor in 0.59 ms, found 0 plugins.
Preloading 0 native plugins for Editor in 0.00 ms.
Unloading 2370 Unused Serialized files (Serialized files now loaded: 0)
System memory in use before: 123.8 MB.
System memory in use after: 122.8 MB.

Unloading 14 unused Assets to reduce memory usage. Loaded Objects now: 3146.
Total: 4.548700 ms (FindLiveObjects: 0.512200 ms CreateObjectMapping: 0.088800 ms MarkObjects: 3.226000 ms  DeleteObjects: 0.720500 ms)

========================================================================
Received Import Request.
  Time since last request: 17.445729 seconds.
  path: Assets/Scriptable Objects/Structures/Cactus.asset
  artifactKey: Guid(8f3e03ec7070e2948936c4f28c877c01) Importer(815301076,1909f56bfc062723c751e8b465ee728b)
Start importing Assets/Scriptable Objects/Structures/Cactus.asset using Guid(8f3e03ec7070e2948936c4f28c877c01) Importer(815301076,1909f56bfc062723c751e8b465ee728b)  -> (artifact id: 'd5a68f8cf3818efec60e459a9de34643') in 0.014960 seconds
  Import took 0.019685 seconds .

========================================================================
Received Prepare
Registering precompiled user dll's ...
Registered in 0.001837 seconds.
Begin MonoManager ReloadAssembly
Native extension for WindowsStandalone target not found
Refreshing native plugins compatible for Editor in 0.61 ms, found 0 plugins.
Preloading 0 native plugins for Editor in 0.00 ms.
Invoked RoslynAnalysisRunner static constructor.
RoslynAnalysisRunner will not be running.
RoslynAnalysisRunner has terminated.
Mono: successfully reloaded assembly
- Completed reload, in  2.199 seconds
Platform modules already initialized, skipping
Shader 'Universal Render Pipeline/Particles/Lit': fallback shader 'Universal Render Pipeline/Particles/SimpleLit' not found
Refreshing native plugins compatible for Editor in 0.44 ms, found 0 plugins.
Preloading 0 native plugins for Editor in 0.00 ms.
Unloading 2370 Unused Serialized files (Serialized files now loaded: 0)
System memory in use before: 123.8 MB.
System memory in use after: 122.9 MB.

Unloading 14 unused Assets to reduce memory usage. Loaded Objects now: 3149.
Total: 2.884500 ms (FindLiveObjects: 0.390900 ms CreateObjectMapping: 0.062700 ms MarkObjects: 1.784600 ms  DeleteObjects: 0.645200 ms)

========================================================================
Received Import Request.
  Time since last request: 91.857268 seconds.
  path: Assets/Scriptable Objects/Structures/Cactus.asset
  artifactKey: Guid(8f3e03ec7070e2948936c4f28c877c01) Importer(815301076,1909f56bfc062723c751e8b465ee728b)
Start importing Assets/Scriptable Objects/Structures/Cactus.asset using Guid(8f3e03ec7070e2948936c4f28c877c01) Importer(815301076,1909f56bfc062723c751e8b465ee728b)  -> (artifact id: 'f2fd0f047e9f4067363fd0dc3ffcf8d1') in 0.018771 seconds
  Import took 0.023127 seconds .

========================================================================
Received Import Request.
  Time since last request: 5.660686 seconds.
  path: Assets/Scriptable Objects/Structures/Cactus.asset
  artifactKey: Guid(8f3e03ec7070e2948936c4f28c877c01) Importer(815301076,1909f56bfc062723c751e8b465ee728b)
Start importing Assets/Scriptable Objects/Structures/Cactus.asset using Guid(8f3e03ec7070e2948936c4f28c877c01) Importer(815301076,1909f56bfc062723c751e8b465ee728b)  -> (artifact id: '951797d59af96a253fee88f4c099dacf') in 0.006385 seconds
  Import took 0.021146 seconds .

========================================================================
Received Prepare
Registering precompiled user dll's ...
Registered in 0.001671 seconds.
Begin MonoManager ReloadAssembly
Native extension for WindowsStandalone target not found
Refreshing native plugins compatible for Editor in 0.70 ms, found 0 plugins.
Preloading 0 native plugins for Editor in 0.00 ms.
Invoked RoslynAnalysisRunner static constructor.
RoslynAnalysisRunner will not be running.
RoslynAnalysisRunner has terminated.
Mono: successfully reloaded assembly
- Completed reload, in  1.216 seconds
Platform modules already initialized, skipping
Shader 'Universal Render Pipeline/Particles/Lit': fallback shader 'Universal Render Pipeline/Particles/SimpleLit' not found
Refreshing native plugins compatible for Editor in 1.36 ms, found 0 plugins.
Preloading 0 native plugins for Editor in 0.00 ms.
Unloading 2370 Unused Serialized files (Serialized files now loaded: 0)
System memory in use before: 123.8 MB.
System memory in use after: 122.9 MB.

Unloading 14 unused Assets to reduce memory usage. Loaded Objects now: 3152.
Total: 4.130600 ms (FindLiveObjects: 0.495100 ms CreateObjectMapping: 0.088900 ms MarkObjects: 2.848700 ms  DeleteObjects: 0.696400 ms)

========================================================================
Received Import Request.
  Time since last request: 30.167338 seconds.
  path: Assets/Scriptable Objects/Structures/Cactus.asset
  artifactKey: Guid(8f3e03ec7070e2948936c4f28c877c01) Importer(815301076,1909f56bfc062723c751e8b465ee728b)
Start importing Assets/Scriptable Objects/Structures/Cactus.asset using Guid(8f3e03ec7070e2948936c4f28c877c01) Importer(815301076,1909f56bfc062723c751e8b465ee728b)  -> (artifact id: 'c156c0d35d61c9a3de53eb2e4e66fbd2') in 0.019233 seconds
  Import took 0.026832 seconds .

========================================================================
Received Import Request.
  Time since last request: 83.116814 seconds.
  path: Assets/Scriptable Objects/Structures/Cactus.asset
  artifactKey: Guid(8f3e03ec7070e2948936c4f28c877c01) Importer(815301076,1909f56bfc062723c751e8b465ee728b)
Start importing Assets/Scriptable Objects/Structures/Cactus.asset using Guid(8f3e03ec7070e2948936c4f28c877c01) Importer(815301076,1909f56bfc062723c751e8b465ee728b)  -> (artifact id: '46b9c24e77528e0767a9739bf071db4e') in 0.006207 seconds
  Import took 0.012632 seconds .

========================================================================
Received Import Request.
  Time since last request: 0.000947 seconds.
  path: Assets/Scriptable Objects/Structures/Cactus.asset
  artifactKey: Guid(8f3e03ec7070e2948936c4f28c877c01) Importer(815301076,1909f56bfc062723c751e8b465ee728b)
Start importing Assets/Scriptable Objects/Structures/Cactus.asset using Guid(8f3e03ec7070e2948936c4f28c877c01) Importer(815301076,1909f56bfc062723c751e8b465ee728b)  -> (artifact id: '46b9c24e77528e0767a9739bf071db4e') in 0.006358 seconds
  Import took 0.012434 seconds .

========================================================================
Received Prepare
Registering precompiled user dll's ...
Registered in 0.001712 seconds.
Begin MonoManager ReloadAssembly
Native extension for WindowsStandalone target not found
Refreshing native plugins compatible for Editor in 0.76 ms, found 0 plugins.
Preloading 0 native plugins for Editor in 0.00 ms.
Invoked RoslynAnalysisRunner static constructor.
RoslynAnalysisRunner will not be running.
RoslynAnalysisRunner has terminated.
Mono: successfully reloaded assembly
- Completed reload, in  1.039 seconds
Platform modules already initialized, skipping
Shader 'Universal Render Pipeline/Particles/Lit': fallback shader 'Universal Render Pipeline/Particles/SimpleLit' not found
Refreshing native plugins compatible for Editor in 0.71 ms, found 0 plugins.
Preloading 0 native plugins for Editor in 0.00 ms.
Unloading 2370 Unused Serialized files (Serialized files now loaded: 0)
System memory in use before: 123.7 MB.
System memory in use after: 122.8 MB.

Unloading 14 unused Assets to reduce memory usage. Loaded Objects now: 3155.
Total: 4.379500 ms (FindLiveObjects: 0.504100 ms CreateObjectMapping: 0.065000 ms MarkObjects: 3.174900 ms  DeleteObjects: 0.633900 ms)

========================================================================
Received Import Request.
  Time since last request: 68.141112 seconds.
  path: Assets/Scriptable Objects/Structures/Cactus.asset
  artifactKey: Guid(8f3e03ec7070e2948936c4f28c877c01) Importer(815301076,1909f56bfc062723c751e8b465ee728b)
Start importing Assets/Scriptable Objects/Structures/Cactus.asset using Guid(8f3e03ec7070e2948936c4f28c877c01) Importer(815301076,1909f56bfc062723c751e8b465ee728b)  -> (artifact id: 'ddce9631dc6cea40d47edba671851a59') in 0.018653 seconds
  Import took 0.024537 seconds .

========================================================================
Received Import Request.
  Time since last request: 11.668802 seconds.
  path: Assets/Scriptable Objects/Structures/Cactus.asset
  artifactKey: Guid(8f3e03ec7070e2948936c4f28c877c01) Importer(815301076,1909f56bfc062723c751e8b465ee728b)
Start importing Assets/Scriptable Objects/Structures/Cactus.asset using Guid(8f3e03ec7070e2948936c4f28c877c01) Importer(815301076,1909f56bfc062723c751e8b465ee728b)  -> (artifact id: 'da61b3cef3bdb9513ae9189242e585c0') in 0.009658 seconds
  Import took 0.014851 seconds .

========================================================================
Received Prepare
Registering precompiled user dll's ...
Registered in 0.001654 seconds.
Begin MonoManager ReloadAssembly
Native extension for WindowsStandalone target not found
Refreshing native plugins compatible for Editor in 0.60 ms, found 0 plugins.
Preloading 0 native plugins for Editor in 0.00 ms.
Invoked RoslynAnalysisRunner static constructor.
RoslynAnalysisRunner will not be running.
RoslynAnalysisRunner has terminated.
Mono: successfully reloaded assembly
- Completed reload, in  1.020 seconds
Platform modules already initialized, skipping
Shader 'Universal Render Pipeline/Particles/Lit': fallback shader 'Universal Render Pipeline/Particles/SimpleLit' not found
Refreshing native plugins compatible for Editor in 1.39 ms, found 0 plugins.
Preloading 0 native plugins for Editor in 0.00 ms.
Unloading 2370 Unused Serialized files (Serialized files now loaded: 0)
System memory in use before: 123.8 MB.
System memory in use after: 122.9 MB.

Unloading 14 unused Assets to reduce memory usage. Loaded Objects now: 3158.
Total: 5.862200 ms (FindLiveObjects: 0.424300 ms CreateObjectMapping: 0.094000 ms MarkObjects: 3.071000 ms  DeleteObjects: 2.271600 ms)

========================================================================
Received Import Request.
  Time since last request: 22.538749 seconds.
  path: Assets/Scriptable Objects/Structures/Cactus.asset
  artifactKey: Guid(8f3e03ec7070e2948936c4f28c877c01) Importer(815301076,1909f56bfc062723c751e8b465ee728b)
Start importing Assets/Scriptable Objects/Structures/Cactus.asset using Guid(8f3e03ec7070e2948936c4f28c877c01) Importer(815301076,1909f56bfc062723c751e8b465ee728b)  -> (artifact id: '9ff3b346a61fee7fbac83193ede9a4c6') in 0.023203 seconds
  Import took 0.032585 seconds .

========================================================================
Received Prepare
Registering precompiled user dll's ...
Registered in 0.001680 seconds.
Begin MonoManager ReloadAssembly
Native extension for WindowsStandalone target not found
Refreshing native plugins compatible for Editor in 0.46 ms, found 0 plugins.
Preloading 0 native plugins for Editor in 0.00 ms.
Invoked RoslynAnalysisRunner static constructor.
RoslynAnalysisRunner will not be running.
RoslynAnalysisRunner has terminated.
Mono: successfully reloaded assembly
- Completed reload, in  1.035 seconds
Platform modules already initialized, skipping
Shader 'Universal Render Pipeline/Particles/Lit': fallback shader 'Universal Render Pipeline/Particles/SimpleLit' not found
Refreshing native plugins compatible for Editor in 0.68 ms, found 0 plugins.
Preloading 0 native plugins for Editor in 0.00 ms.
Unloading 2370 Unused Serialized files (Serialized files now loaded: 0)
System memory in use before: 123.8 MB.
System memory in use after: 122.9 MB.

Unloading 14 unused Assets to reduce memory usage. Loaded Objects now: 3161.
Total: 5.278300 ms (FindLiveObjects: 0.338400 ms CreateObjectMapping: 0.062000 ms MarkObjects: 3.691200 ms  DeleteObjects: 1.184500 ms)

========================================================================
Received Import Request.
  Time since last request: 48.828415 seconds.
  path: Assets/Scriptable Objects/Structures/Cactus.asset
  artifactKey: Guid(8f3e03ec7070e2948936c4f28c877c01) Importer(815301076,1909f56bfc062723c751e8b465ee728b)
Start importing Assets/Scriptable Objects/Structures/Cactus.asset using Guid(8f3e03ec7070e2948936c4f28c877c01) Importer(815301076,1909f56bfc062723c751e8b465ee728b)  -> (artifact id: '1802219ba7cd16ebbc11e1b4b1c04972') in 0.015807 seconds
  Import took 0.023212 seconds .

========================================================================
Received Import Request.
  Time since last request: 1.891356 seconds.
  path: Assets/Scriptable Objects/Structures/Cactus.asset
  artifactKey: Guid(8f3e03ec7070e2948936c4f28c877c01) Importer(815301076,1909f56bfc062723c751e8b465ee728b)
Start importing Assets/Scriptable Objects/Structures/Cactus.asset using Guid(8f3e03ec7070e2948936c4f28c877c01) Importer(815301076,1909f56bfc062723c751e8b465ee728b)  -> (artifact id: '1802219ba7cd16ebbc11e1b4b1c04972') in 0.004110 seconds
  Import took 0.009518 seconds .

========================================================================
Received Import Request.
  Time since last request: 47.025104 seconds.
  path: Assets/Prefabs/Harvesting Items/Cactus.blend1
  artifactKey: Guid(6d19e223875db8b429855f3f5ffd8165) Importer(815301076,1909f56bfc062723c751e8b465ee728b)
Start importing Assets/Prefabs/Harvesting Items/Cactus.blend1 using Guid(6d19e223875db8b429855f3f5ffd8165) Importer(815301076,1909f56bfc062723c751e8b465ee728b)  -> (artifact id: '663f5c27f60557d1158fcaa1d0de0d17') in 0.006280 seconds
  Import took 0.011722 seconds .

========================================================================
Received Prepare
Registering precompiled user dll's ...
Registered in 0.001576 seconds.
Begin MonoManager ReloadAssembly
Native extension for WindowsStandalone target not found
Refreshing native plugins compatible for Editor in 0.95 ms, found 0 plugins.
Preloading 0 native plugins for Editor in 0.00 ms.
Invoked RoslynAnalysisRunner static constructor.
RoslynAnalysisRunner will not be running.
RoslynAnalysisRunner has terminated.
Mono: successfully reloaded assembly
- Completed reload, in  1.063 seconds
Platform modules already initialized, skipping
Shader 'Universal Render Pipeline/Particles/Lit': fallback shader 'Universal Render Pipeline/Particles/SimpleLit' not found
Refreshing native plugins compatible for Editor in 0.50 ms, found 0 plugins.
Preloading 0 native plugins for Editor in 0.00 ms.
Unloading 2370 Unused Serialized files (Serialized files now loaded: 0)
System memory in use before: 123.8 MB.
System memory in use after: 122.9 MB.

Unloading 14 unused Assets to reduce memory usage. Loaded Objects now: 3164.
Total: 3.360700 ms (FindLiveObjects: 0.655800 ms CreateObjectMapping: 0.177200 ms MarkObjects: 2.026600 ms  DeleteObjects: 0.500200 ms)

========================================================================
Received Prepare
Registering precompiled user dll's ...
Registered in 0.002000 seconds.
Begin MonoManager ReloadAssembly
Native extension for WindowsStandalone target not found
Refreshing native plugins compatible for Editor in 0.48 ms, found 0 plugins.
Preloading 0 native plugins for Editor in 0.00 ms.
Invoked RoslynAnalysisRunner static constructor.
RoslynAnalysisRunner will not be running.
RoslynAnalysisRunner has terminated.
Mono: successfully reloaded assembly
- Completed reload, in  1.048 seconds
Platform modules already initialized, skipping
Shader 'Universal Render Pipeline/Particles/Lit': fallback shader 'Universal Render Pipeline/Particles/SimpleLit' not found
Refreshing native plugins compatible for Editor in 0.57 ms, found 0 plugins.
Preloading 0 native plugins for Editor in 0.00 ms.
Unloading 2370 Unused Serialized files (Serialized files now loaded: 0)
System memory in use before: 123.8 MB.
System memory in use after: 122.9 MB.

Unloading 14 unused Assets to reduce memory usage. Loaded Objects now: 3167.
Total: 3.604500 ms (FindLiveObjects: 0.489500 ms CreateObjectMapping: 0.086300 ms MarkObjects: 2.427400 ms  DeleteObjects: 0.600400 ms)

========================================================================
Received Prepare
Registering precompiled user dll's ...
Registered in 0.001610 seconds.
Begin MonoManager ReloadAssembly
Native extension for WindowsStandalone target not found
Refreshing native plugins compatible for Editor in 0.66 ms, found 0 plugins.
Preloading 0 native plugins for Editor in 0.00 ms.
Invoked RoslynAnalysisRunner static constructor.
RoslynAnalysisRunner will not be running.
RoslynAnalysisRunner has terminated.
Mono: successfully reloaded assembly
- Completed reload, in  1.031 seconds
Platform modules already initialized, skipping
Shader 'Universal Render Pipeline/Particles/Lit': fallback shader 'Universal Render Pipeline/Particles/SimpleLit' not found
Refreshing native plugins compatible for Editor in 0.45 ms, found 0 plugins.
Preloading 0 native plugins for Editor in 0.00 ms.
Unloading 2370 Unused Serialized files (Serialized files now loaded: 0)
System memory in use before: 123.7 MB.
System memory in use after: 122.8 MB.

Unloading 14 unused Assets to reduce memory usage. Loaded Objects now: 3170.
Total: 2.872500 ms (FindLiveObjects: 0.495100 ms CreateObjectMapping: 0.091000 ms MarkObjects: 1.782900 ms  DeleteObjects: 0.501600 ms)

========================================================================
Received Import Request.
  Time since last request: 311.898608 seconds.
  path: Assets/Prefabs/Ore Drops/Iron Ore Drop.prefab
  artifactKey: Guid(d2fce1197a3ec5a44a258e1b3d3b6453) Importer(815301076,1909f56bfc062723c751e8b465ee728b)
Start importing Assets/Prefabs/Ore Drops/Iron Ore Drop.prefab using Guid(d2fce1197a3ec5a44a258e1b3d3b6453) Importer(815301076,1909f56bfc062723c751e8b465ee728b)  -> (artifact id: 'a0510e353b83debee76f3f86e3b47149') in 0.187504 seconds
  Import took 0.195401 seconds .

========================================================================
Received Import Request.
  Time since last request: 1.330286 seconds.
  path: Assets/Prefabs/Ore Drops/Iron Ore Drop.prefab
  artifactKey: Guid(d2fce1197a3ec5a44a258e1b3d3b6453) Importer(815301076,1909f56bfc062723c751e8b465ee728b)
Start importing Assets/Prefabs/Ore Drops/Iron Ore Drop.prefab using Guid(d2fce1197a3ec5a44a258e1b3d3b6453) Importer(815301076,1909f56bfc062723c751e8b465ee728b)  -> (artifact id: '84278193b9e2dc014563f1531a2a4b9f') in 0.012672 seconds
  Import took 0.017227 seconds .

========================================================================
Received Import Request.
  Time since last request: 0.013231 seconds.
  path: Assets/Prefabs/Ore Drops/Iron Ore Drop.prefab
  artifactKey: Guid(d2fce1197a3ec5a44a258e1b3d3b6453) Importer(815301076,1909f56bfc062723c751e8b465ee728b)
Start importing Assets/Prefabs/Ore Drops/Iron Ore Drop.prefab using Guid(d2fce1197a3ec5a44a258e1b3d3b6453) Importer(815301076,1909f56bfc062723c751e8b465ee728b)  -> (artifact id: '84278193b9e2dc014563f1531a2a4b9f') in 0.008653 seconds
  Import took 0.014392 seconds .

========================================================================
Received Prepare
Registering precompiled user dll's ...
Registered in 0.001535 seconds.
Begin MonoManager ReloadAssembly
Native extension for WindowsStandalone target not found
Refreshing native plugins compatible for Editor in 0.51 ms, found 0 plugins.
Preloading 0 native plugins for Editor in 0.00 ms.
Invoked RoslynAnalysisRunner static constructor.
RoslynAnalysisRunner will not be running.
RoslynAnalysisRunner has terminated.
Mono: successfully reloaded assembly
- Completed reload, in  1.020 seconds
Platform modules already initialized, skipping
Shader 'Universal Render Pipeline/Particles/Lit': fallback shader 'Universal Render Pipeline/Particles/SimpleLit' not found
Refreshing native plugins compatible for Editor in 0.90 ms, found 0 plugins.
Preloading 0 native plugins for Editor in 0.00 ms.
Unloading 2370 Unused Serialized files (Serialized files now loaded: 0)
System memory in use before: 124.0 MB.
System memory in use after: 123.0 MB.

Unloading 14 unused Assets to reduce memory usage. Loaded Objects now: 3209.
Total: 5.702700 ms (FindLiveObjects: 0.932700 ms CreateObjectMapping: 0.064500 ms MarkObjects: 4.158900 ms  DeleteObjects: 0.545100 ms)

========================================================================
Received Import Request.
  Time since last request: 88.819584 seconds.
  path: Assets/Prefabs/Ore Drops/Iron Ore Drop.prefab
  artifactKey: Guid(d2fce1197a3ec5a44a258e1b3d3b6453) Importer(815301076,1909f56bfc062723c751e8b465ee728b)
Start importing Assets/Prefabs/Ore Drops/Iron Ore Drop.prefab using Guid(d2fce1197a3ec5a44a258e1b3d3b6453) Importer(815301076,1909f56bfc062723c751e8b465ee728b)  -> (artifact id: '2ea11f719d8619bacc450e2e4ec7e58e') in 0.190574 seconds
  Import took 0.197952 seconds .

========================================================================
Received Prepare
Registering precompiled user dll's ...
Registered in 0.001465 seconds.
Begin MonoManager ReloadAssembly
Native extension for WindowsStandalone target not found
Refreshing native plugins compatible for Editor in 0.74 ms, found 0 plugins.
Preloading 0 native plugins for Editor in 0.00 ms.
Invoked RoslynAnalysisRunner static constructor.
RoslynAnalysisRunner will not be running.
RoslynAnalysisRunner has terminated.
Mono: successfully reloaded assembly
- Completed reload, in  1.339 seconds
Platform modules already initialized, skipping
Shader 'Universal Render Pipeline/Particles/Lit': fallback shader 'Universal Render Pipeline/Particles/SimpleLit' not found
Refreshing native plugins compatible for Editor in 0.55 ms, found 0 plugins.
Preloading 0 native plugins for Editor in 0.00 ms.
Unloading 2370 Unused Serialized files (Serialized files now loaded: 0)
System memory in use before: 124.1 MB.
System memory in use after: 123.2 MB.

Unloading 14 unused Assets to reduce memory usage. Loaded Objects now: 3248.
Total: 3.404200 ms (FindLiveObjects: 0.724000 ms CreateObjectMapping: 0.071000 ms MarkObjects: 2.092000 ms  DeleteObjects: 0.515700 ms)

========================================================================
Received Prepare
Registering precompiled user dll's ...
Registered in 0.002128 seconds.
Begin MonoManager ReloadAssembly
Native extension for WindowsStandalone target not found
Refreshing native plugins compatible for Editor in 0.74 ms, found 0 plugins.
Preloading 0 native plugins for Editor in 0.00 ms.
Invoked RoslynAnalysisRunner static constructor.
RoslynAnalysisRunner will not be running.
RoslynAnalysisRunner has terminated.
Mono: successfully reloaded assembly
- Completed reload, in  1.082 seconds
Platform modules already initialized, skipping
Shader 'Universal Render Pipeline/Particles/Lit': fallback shader 'Universal Render Pipeline/Particles/SimpleLit' not found
Refreshing native plugins compatible for Editor in 0.99 ms, found 0 plugins.
Preloading 0 native plugins for Editor in 0.00 ms.
Unloading 2370 Unused Serialized files (Serialized files now loaded: 0)
System memory in use before: 124.1 MB.
System memory in use after: 123.2 MB.

Unloading 14 unused Assets to reduce memory usage. Loaded Objects now: 3251.
Total: 3.462200 ms (FindLiveObjects: 0.373300 ms CreateObjectMapping: 0.063500 ms MarkObjects: 2.180600 ms  DeleteObjects: 0.843400 ms)

========================================================================
Received Import Request.
  Time since last request: 359.151459 seconds.
  path: Assets/Prefabs/Ore Drops/Iron Ore Drop.prefab
  artifactKey: Guid(d2fce1197a3ec5a44a258e1b3d3b6453) Importer(815301076,1909f56bfc062723c751e8b465ee728b)
Start importing Assets/Prefabs/Ore Drops/Iron Ore Drop.prefab using Guid(d2fce1197a3ec5a44a258e1b3d3b6453) Importer(815301076,1909f56bfc062723c751e8b465ee728b)  -> (artifact id: '03cec2a85c6b18a889c75fb95f3ac7b2') in 0.224088 seconds
  Import took 0.229834 seconds .

========================================================================
Received Import Request.
  Time since last request: 0.205624 seconds.
  path: Assets/Prefabs/Ore Drops/Iron Ore Drop.prefab
  artifactKey: Guid(d2fce1197a3ec5a44a258e1b3d3b6453) Importer(815301076,1909f56bfc062723c751e8b465ee728b)
Start importing Assets/Prefabs/Ore Drops/Iron Ore Drop.prefab using Guid(d2fce1197a3ec5a44a258e1b3d3b6453) Importer(815301076,1909f56bfc062723c751e8b465ee728b)  -> (artifact id: '935801c65dd5aa5678231599b7a59573') in 0.012540 seconds
  Import took 0.017367 seconds .

========================================================================
Received Import Request.
  Time since last request: 0.010797 seconds.
  path: Assets/Prefabs/Ore Drops/Iron Ore Drop.prefab
  artifactKey: Guid(d2fce1197a3ec5a44a258e1b3d3b6453) Importer(815301076,1909f56bfc062723c751e8b465ee728b)
Start importing Assets/Prefabs/Ore Drops/Iron Ore Drop.prefab using Guid(d2fce1197a3ec5a44a258e1b3d3b6453) Importer(815301076,1909f56bfc062723c751e8b465ee728b)  -> (artifact id: '935801c65dd5aa5678231599b7a59573') in 0.012261 seconds
  Import took 0.018217 seconds .

========================================================================
Received Prepare
Registering precompiled user dll's ...
Registered in 0.001677 seconds.
Begin MonoManager ReloadAssembly
Native extension for WindowsStandalone target not found
Refreshing native plugins compatible for Editor in 0.68 ms, found 0 plugins.
Preloading 0 native plugins for Editor in 0.00 ms.
Invoked RoslynAnalysisRunner static constructor.
RoslynAnalysisRunner will not be running.
RoslynAnalysisRunner has terminated.
Mono: successfully reloaded assembly
- Completed reload, in  1.044 seconds
Platform modules already initialized, skipping
Shader 'Universal Render Pipeline/Particles/Lit': fallback shader 'Universal Render Pipeline/Particles/SimpleLit' not found
Refreshing native plugins compatible for Editor in 0.85 ms, found 0 plugins.
Preloading 0 native plugins for Editor in 0.00 ms.
Unloading 2370 Unused Serialized files (Serialized files now loaded: 0)
System memory in use before: 124.2 MB.
System memory in use after: 123.3 MB.

Unloading 14 unused Assets to reduce memory usage. Loaded Objects now: 3290.
Total: 3.639800 ms (FindLiveObjects: 0.458200 ms CreateObjectMapping: 0.069400 ms MarkObjects: 2.419400 ms  DeleteObjects: 0.690200 ms)

AssetImportWorkerClient::OnTransportError - code=2 error=End of file
